<?xml version="1.0" encoding="UTF-8"?>
<coverage generated="1629084037034" clover="3.2.0">
  <project timestamp="1629084037035" name="All files">
    <metrics statements="48" coveredstatements="41" conditionals="12" coveredconditionals="6" methods="12" coveredmethods="12" elements="72" coveredelements="59" complexity="0" loc="48" ncloc="48" packages="2" files="4" classes="4"/>
    <package name="SnakesAndLadders">
      <metrics statements="37" coveredstatements="30" conditionals="12" coveredconditionals="6" methods="10" coveredmethods="10"/>
      <file name="Game.mjs" path="D:\javaScript\SnakesAndLadders\Game.mjs">
        <metrics statements="37" coveredstatements="30" conditionals="12" coveredconditionals="6" methods="10" coveredmethods="10"/>
        <line num="11" count="1" type="stmt"/>
        <line num="12" count="1" type="stmt"/>
        <line num="13" count="1" type="stmt"/>
        <line num="14" count="1" type="stmt"/>
        <line num="18" count="1" type="stmt"/>
        <line num="19" count="4" type="stmt"/>
        <line num="25" count="1" type="stmt"/>
        <line num="26" count="4" type="stmt"/>
        <line num="33" count="1" type="stmt"/>
        <line num="39" count="1" type="stmt"/>
        <line num="40" count="4" type="stmt"/>
        <line num="41" count="1" type="cond" truecount="1" falsecount="1"/>
        <line num="42" count="1" type="stmt"/>
        <line num="44" count="0" type="stmt"/>
        <line num="53" count="1" type="stmt"/>
        <line num="54" count="4" type="stmt"/>
        <line num="57" count="1" type="cond" truecount="1" falsecount="1"/>
        <line num="58" count="1" type="stmt"/>
        <line num="60" count="0" type="stmt"/>
        <line num="68" count="1" type="stmt"/>
        <line num="69" count="1" type="stmt"/>
        <line num="74" count="1" type="stmt"/>
        <line num="75" count="1" type="stmt"/>
        <line num="76" count="1" type="stmt"/>
        <line num="77" count="1" type="cond" truecount="1" falsecount="1"/>
        <line num="79" count="0" type="stmt"/>
        <line num="80" count="0" type="stmt"/>
        <line num="83" count="1" type="cond" truecount="1" falsecount="1"/>
        <line num="85" count="1" type="stmt"/>
        <line num="87" count="1" type="cond" truecount="1" falsecount="1"/>
        <line num="88" count="0" type="stmt"/>
        <line num="91" count="1" type="cond" truecount="1" falsecount="1"/>
        <line num="93" count="0" type="stmt"/>
        <line num="96" count="1" type="stmt"/>
        <line num="100" count="0" type="stmt"/>
        <line num="107" count="1" type="stmt"/>
        <line num="108" count="1" type="stmt"/>
      </file>
    </package>
    <package name="SnakesAndLadders.components">
      <metrics statements="11" coveredstatements="11" conditionals="0" coveredconditionals="0" methods="2" coveredmethods="2"/>
      <file name="Ladder.mjs" path="D:\javaScript\SnakesAndLadders\components\Ladder.mjs">
        <metrics statements="1" coveredstatements="1" conditionals="0" coveredconditionals="0" methods="1" coveredmethods="1"/>
        <line num="3" count="4" type="stmt"/>
      </file>
      <file name="Snakes.mjs" path="D:\javaScript\SnakesAndLadders\components\Snakes.mjs">
        <metrics statements="1" coveredstatements="1" conditionals="0" coveredconditionals="0" methods="1" coveredmethods="1"/>
        <line num="3" count="4" type="stmt"/>
      </file>
      <file name="board.mjs" path="D:\javaScript\SnakesAndLadders\components\board.mjs">
        <metrics statements="9" coveredstatements="9" conditionals="0" coveredconditionals="0" methods="0" coveredmethods="0"/>
        <line num="2" count="1" type="stmt"/>
        <line num="3" count="1" type="stmt"/>
        <line num="4" count="1" type="stmt"/>
        <line num="5" count="1" type="stmt"/>
        <line num="6" count="1" type="stmt"/>
        <line num="7" count="1" type="stmt"/>
        <line num="8" count="1" type="stmt"/>
        <line num="9" count="1" type="stmt"/>
        <line num="10" count="1" type="stmt"/>
      </file>
    </package>
  </project>
</coverage>
