{"D:\\javaScript\\SnakesAndLadders\\Game.mjs": {"path":"D:\\javaScript\\SnakesAndLadders\\Game.mjs","statementMap":{"0":{"start":{"line":11,"column":8},"end":{"line":11,"column":43}},"1":{"start":{"line":12,"column":8},"end":{"line":12,"column":28}},"2":{"start":{"line":13,"column":8},"end":{"line":13,"column":30}},"3":{"start":{"line":14,"column":8},"end":{"line":14,"column":31}},"4":{"start":{"line":18,"column":9},"end":{"line":21,"column":10}},"5":{"start":{"line":18,"column":23},"end":{"line":18,"column":24}},"6":{"start":{"line":19,"column":13},"end":{"line":20,"column":71}},"7":{"start":{"line":25,"column":8},"end":{"line":29,"column":9}},"8":{"start":{"line":25,"column":23},"end":{"line":25,"column":24}},"9":{"start":{"line":26,"column":12},"end":{"line":27,"column":67}},"10":{"start":{"line":33,"column":5},"end":{"line":33,"column":42}},"11":{"start":{"line":39,"column":22},"end":{"line":40,"column":27}},"12":{"start":{"line":40,"column":10},"end":{"line":40,"column":26}},"13":{"start":{"line":41,"column":8},"end":{"line":44,"column":20}},"14":{"start":{"line":42,"column":8},"end":{"line":42,"column":31}},"15":{"start":{"line":44,"column":8},"end":{"line":44,"column":20}},"16":{"start":{"line":53,"column":18},"end":{"line":54,"column":22}},"17":{"start":{"line":54,"column":4},"end":{"line":54,"column":21}},"18":{"start":{"line":57,"column":4},"end":{"line":60,"column":16}},"19":{"start":{"line":58,"column":4},"end":{"line":58,"column":28}},"20":{"start":{"line":60,"column":4},"end":{"line":60,"column":16}},"21":{"start":{"line":68,"column":9},"end":{"line":68,"column":27}},"22":{"start":{"line":69,"column":9},"end":{"line":69,"column":28}},"23":{"start":{"line":74,"column":8},"end":{"line":74,"column":24}},"24":{"start":{"line":75,"column":27},"end":{"line":75,"column":42}},"25":{"start":{"line":76,"column":9},"end":{"line":76,"column":53}},"26":{"start":{"line":77,"column":9},"end":{"line":101,"column":9}},"27":{"start":{"line":79,"column":12},"end":{"line":79,"column":65}},"28":{"start":{"line":80,"column":12},"end":{"line":80,"column":53}},"29":{"start":{"line":83,"column":13},"end":{"line":101,"column":9}},"30":{"start":{"line":85,"column":12},"end":{"line":85,"column":65}},"31":{"start":{"line":87,"column":12},"end":{"line":90,"column":13}},"32":{"start":{"line":88,"column":11},"end":{"line":88,"column":73}},"33":{"start":{"line":91,"column":11},"end":{"line":95,"column":12}},"34":{"start":{"line":93,"column":11},"end":{"line":93,"column":72}},"35":{"start":{"line":96,"column":11},"end":{"line":96,"column":58}},"36":{"start":{"line":100,"column":12},"end":{"line":100,"column":67}},"37":{"start":{"line":107,"column":12},"end":{"line":107,"column":23}},"38":{"start":{"line":108,"column":0},"end":{"line":108,"column":13}}},"fnMap":{"0":{"name":"(anonymous_0)","decl":{"start":{"line":8,"column":4},"end":{"line":8,"column":5}},"loc":{"start":{"line":9,"column":4},"end":{"line":15,"column":5}},"line":9},"1":{"name":"(anonymous_1)","decl":{"start":{"line":17,"column":5},"end":{"line":17,"column":6}},"loc":{"start":{"line":17,"column":17},"end":{"line":22,"column":6}},"line":17},"2":{"name":"(anonymous_2)","decl":{"start":{"line":24,"column":5},"end":{"line":24,"column":6}},"loc":{"start":{"line":24,"column":18},"end":{"line":30,"column":5}},"line":24},"3":{"name":"(anonymous_3)","decl":{"start":{"line":31,"column":4},"end":{"line":31,"column":5}},"loc":{"start":{"line":31,"column":14},"end":{"line":36,"column":5}},"line":31},"4":{"name":"(anonymous_4)","decl":{"start":{"line":38,"column":5},"end":{"line":38,"column":6}},"loc":{"start":{"line":38,"column":25},"end":{"line":45,"column":9}},"line":38},"5":{"name":"(anonymous_5)","decl":{"start":{"line":39,"column":48},"end":{"line":39,"column":49}},"loc":{"start":{"line":40,"column":10},"end":{"line":40,"column":26}},"line":40},"6":{"name":"(anonymous_6)","decl":{"start":{"line":52,"column":5},"end":{"line":52,"column":6}},"loc":{"start":{"line":52,"column":25},"end":{"line":61,"column":1}},"line":52},"7":{"name":"(anonymous_7)","decl":{"start":{"line":53,"column":45},"end":{"line":53,"column":46}},"loc":{"start":{"line":54,"column":4},"end":{"line":54,"column":21}},"line":54},"8":{"name":"(anonymous_8)","decl":{"start":{"line":67,"column":5},"end":{"line":67,"column":6}},"loc":{"start":{"line":67,"column":15},"end":{"line":70,"column":6}},"line":67},"9":{"name":"(anonymous_9)","decl":{"start":{"line":72,"column":3},"end":{"line":72,"column":4}},"loc":{"start":{"line":73,"column":3},"end":{"line":102,"column":4}},"line":73}},"branchMap":{"0":{"loc":{"start":{"line":41,"column":8},"end":{"line":44,"column":20}},"type":"if","locations":[{"start":{"line":41,"column":8},"end":{"line":44,"column":20}},{"start":{"line":41,"column":8},"end":{"line":44,"column":20}}],"line":41},"1":{"loc":{"start":{"line":57,"column":4},"end":{"line":60,"column":16}},"type":"if","locations":[{"start":{"line":57,"column":4},"end":{"line":60,"column":16}},{"start":{"line":57,"column":4},"end":{"line":60,"column":16}}],"line":57},"2":{"loc":{"start":{"line":77,"column":9},"end":{"line":101,"column":9}},"type":"if","locations":[{"start":{"line":77,"column":9},"end":{"line":101,"column":9}},{"start":{"line":77,"column":9},"end":{"line":101,"column":9}}],"line":77},"3":{"loc":{"start":{"line":83,"column":13},"end":{"line":101,"column":9}},"type":"if","locations":[{"start":{"line":83,"column":13},"end":{"line":101,"column":9}},{"start":{"line":83,"column":13},"end":{"line":101,"column":9}}],"line":83},"4":{"loc":{"start":{"line":87,"column":12},"end":{"line":90,"column":13}},"type":"if","locations":[{"start":{"line":87,"column":12},"end":{"line":90,"column":13}},{"start":{"line":87,"column":12},"end":{"line":90,"column":13}}],"line":87},"5":{"loc":{"start":{"line":91,"column":11},"end":{"line":95,"column":12}},"type":"if","locations":[{"start":{"line":91,"column":11},"end":{"line":95,"column":12}},{"start":{"line":91,"column":11},"end":{"line":95,"column":12}}],"line":91}},"s":{"0":1,"1":1,"2":1,"3":1,"4":1,"5":1,"6":4,"7":1,"8":1,"9":4,"10":1,"11":1,"12":4,"13":1,"14":1,"15":0,"16":1,"17":4,"18":1,"19":1,"20":0,"21":1,"22":1,"23":1,"24":1,"25":1,"26":1,"27":0,"28":0,"29":1,"30":1,"31":1,"32":0,"33":1,"34":0,"35":1,"36":0,"37":1,"38":1},"f":{"0":1,"1":1,"2":1,"3":1,"4":1,"5":4,"6":1,"7":4,"8":1,"9":1},"b":{"0":[1,0],"1":[1,0],"2":[0,1],"3":[1,0],"4":[0,1],"5":[0,1]},"_coverageSchema":"1a1c01bbd47fc00a2c39e90264f33305004495a9","hash":"9ac0b88ab4ddd08d3f9b0d0ebc7910e3933ed444"}
,"D:\\javaScript\\SnakesAndLadders\\components\\Ladder.mjs": {"path":"D:\\javaScript\\SnakesAndLadders\\components\\Ladder.mjs","statementMap":{"0":{"start":{"line":3,"column":4},"end":{"line":6,"column":5}}},"fnMap":{"0":{"name":"Ladder","decl":{"start":{"line":2,"column":24},"end":{"line":2,"column":30}},"loc":{"start":{"line":2,"column":40},"end":{"line":7,"column":1}},"line":2}},"branchMap":{},"s":{"0":4},"f":{"0":4},"b":{},"_coverageSchema":"1a1c01bbd47fc00a2c39e90264f33305004495a9","hash":"94261656704c1440d44ac0ec953962f022885f65"}
,"D:\\javaScript\\SnakesAndLadders\\components\\Snakes.mjs": {"path":"D:\\javaScript\\SnakesAndLadders\\components\\Snakes.mjs","statementMap":{"0":{"start":{"line":3,"column":4},"end":{"line":6,"column":5}}},"fnMap":{"0":{"name":"Snakes","decl":{"start":{"line":2,"column":24},"end":{"line":2,"column":30}},"loc":{"start":{"line":2,"column":41},"end":{"line":7,"column":1}},"line":2}},"branchMap":{},"s":{"0":4},"f":{"0":4},"b":{},"_coverageSchema":"1a1c01bbd47fc00a2c39e90264f33305004495a9","hash":"ec982ad81e609f99164bcf7246aeaf2ba7aa20fc"}
,"D:\\javaScript\\SnakesAndLadders\\components\\board.mjs": {"path":"D:\\javaScript\\SnakesAndLadders\\components\\board.mjs","statementMap":{"0":{"start":{"line":2,"column":24},"end":{"line":2,"column":27}},"1":{"start":{"line":3,"column":28},"end":{"line":3,"column":29}},"2":{"start":{"line":4,"column":27},"end":{"line":4,"column":30}},"3":{"start":{"line":5,"column":24},"end":{"line":5,"column":25}},"4":{"start":{"line":6,"column":25},"end":{"line":6,"column":26}},"5":{"start":{"line":7,"column":29},"end":{"line":7,"column":41}},"6":{"start":{"line":8,"column":28},"end":{"line":8,"column":41}},"7":{"start":{"line":9,"column":28},"end":{"line":9,"column":41}},"8":{"start":{"line":10,"column":28},"end":{"line":10,"column":41}}},"fnMap":{},"branchMap":{},"s":{"0":1,"1":1,"2":1,"3":1,"4":1,"5":1,"6":1,"7":1,"8":1},"f":{},"b":{},"_coverageSchema":"1a1c01bbd47fc00a2c39e90264f33305004495a9","hash":"5762699cb9372697a84ff27ee5191533459f81b5"}
}
