TN:
SF:Game.mjs
FN:8,(anonymous_0)
FN:17,(anonymous_1)
FN:24,(anonymous_2)
FN:31,(anonymous_3)
FN:38,(anonymous_4)
FN:39,(anonymous_5)
FN:52,(anonymous_6)
FN:53,(anonymous_7)
FN:67,(anonymous_8)
FN:72,(anonymous_9)
FNF:10
FNH:10
FNDA:1,(anonymous_0)
FNDA:1,(anonymous_1)
FNDA:1,(anonymous_2)
FNDA:1,(anonymous_3)
FNDA:1,(anonymous_4)
FNDA:4,(anonymous_5)
FNDA:1,(anonymous_6)
FNDA:4,(anonymous_7)
FNDA:1,(anonymous_8)
FNDA:1,(anonymous_9)
DA:11,1
DA:12,1
DA:13,1
DA:14,1
DA:18,1
DA:19,4
DA:25,1
DA:26,4
DA:33,1
DA:39,1
DA:40,4
DA:41,1
DA:42,1
DA:44,0
DA:53,1
DA:54,4
DA:57,1
DA:58,1
DA:60,0
DA:68,1
DA:69,1
DA:74,1
DA:75,1
DA:76,1
DA:77,1
DA:79,0
DA:80,0
DA:83,1
DA:85,1
DA:87,1
DA:88,0
DA:91,1
DA:93,0
DA:96,1
DA:100,0
DA:107,1
DA:108,1
LF:37
LH:30
BRDA:41,0,0,1
BRDA:41,0,1,0
BRDA:57,1,0,1
BRDA:57,1,1,0
BRDA:77,2,0,0
BRDA:77,2,1,1
BRDA:83,3,0,1
BRDA:83,3,1,0
BRDA:87,4,0,0
BRDA:87,4,1,1
BRDA:91,5,0,0
BRDA:91,5,1,1
BRF:12
BRH:6
end_of_record
TN:
SF:components\Ladder.mjs
FN:2,Ladder
FNF:1
FNH:1
FNDA:4,Ladder
DA:3,4
LF:1
LH:1
BRF:0
BRH:0
end_of_record
TN:
SF:components\Snakes.mjs
FN:2,Snakes
FNF:1
FNH:1
FNDA:4,Snakes
DA:3,4
LF:1
LH:1
BRF:0
BRH:0
end_of_record
TN:
SF:components\board.mjs
FNF:0
FNH:0
DA:2,1
DA:3,1
DA:4,1
DA:5,1
DA:6,1
DA:7,1
DA:8,1
DA:9,1
DA:10,1
LF:9
LH:9
BRF:0
BRH:0
end_of_record
